mode: set
github.com/sosyz/mini_tiktok_feed/Feed/model/video.go:33.48,37.16 4 1
github.com/sosyz/mini_tiktok_feed/Feed/model/video.go:37.16,38.13 1 0
github.com/sosyz/mini_tiktok_feed/Feed/model/video.go:42.50,52.2 1 1
github.com/sosyz/mini_tiktok_feed/Feed/model/video.go:54.51,58.85 3 1
github.com/sosyz/mini_tiktok_feed/Feed/model/video.go:77.2,77.12 1 1
github.com/sosyz/mini_tiktok_feed/Feed/model/video.go:58.85,75.3 5 1
github.com/sosyz/mini_tiktok_feed/Feed/model/video.go:80.51,84.85 3 1
github.com/sosyz/mini_tiktok_feed/Feed/model/video.go:99.2,99.12 1 1
github.com/sosyz/mini_tiktok_feed/Feed/model/video.go:84.85,97.3 2 1
github.com/sosyz/mini_tiktok_feed/Feed/model/video.go:102.51,106.85 3 1
github.com/sosyz/mini_tiktok_feed/Feed/model/video.go:115.2,115.12 1 1
github.com/sosyz/mini_tiktok_feed/Feed/model/video.go:106.85,113.3 2 1
github.com/sosyz/mini_tiktok_feed/Feed/model/video.go:118.48,122.89 3 1
github.com/sosyz/mini_tiktok_feed/Feed/model/video.go:141.2,141.16 1 1
github.com/sosyz/mini_tiktok_feed/Feed/model/video.go:145.2,154.12 9 1
github.com/sosyz/mini_tiktok_feed/Feed/model/video.go:122.89,129.17 2 1
github.com/sosyz/mini_tiktok_feed/Feed/model/video.go:133.3,134.17 2 1
github.com/sosyz/mini_tiktok_feed/Feed/model/video.go:138.3,138.44 1 1
github.com/sosyz/mini_tiktok_feed/Feed/model/video.go:129.17,131.4 1 0
github.com/sosyz/mini_tiktok_feed/Feed/model/video.go:134.17,136.4 1 1
github.com/sosyz/mini_tiktok_feed/Feed/model/video.go:141.16,143.3 1 1
github.com/sosyz/mini_tiktok_feed/Feed/model/video.go:157.69,158.23 1 1
github.com/sosyz/mini_tiktok_feed/Feed/model/video.go:161.2,164.89 3 1
github.com/sosyz/mini_tiktok_feed/Feed/model/video.go:196.2,196.16 1 1
github.com/sosyz/mini_tiktok_feed/Feed/model/video.go:200.2,200.30 1 1
github.com/sosyz/mini_tiktok_feed/Feed/model/video.go:158.23,160.3 1 1
github.com/sosyz/mini_tiktok_feed/Feed/model/video.go:164.89,174.17 2 1
github.com/sosyz/mini_tiktok_feed/Feed/model/video.go:178.3,179.25 2 1
github.com/sosyz/mini_tiktok_feed/Feed/model/video.go:193.3,193.21 1 1
github.com/sosyz/mini_tiktok_feed/Feed/model/video.go:174.17,176.4 1 0
github.com/sosyz/mini_tiktok_feed/Feed/model/video.go:179.25,191.4 4 1
github.com/sosyz/mini_tiktok_feed/Feed/model/video.go:196.16,198.3 1 0
